#! /usr/bin/vvp
:ivl_version "10.3 (stable)";
:ivl_delay_selection "TYPICAL";
:vpi_time_precision - 10;
:vpi_module "system";
:vpi_module "vhdl_sys";
:vpi_module "v2005_math";
:vpi_module "va_math";
S_0x557145524090 .scope module, "bcd_to_decimal_decoder_tb" "bcd_to_decimal_decoder_tb" 2 16;
 .timescale -9 -10;
v0x55714556ffa0_0 .var "A", 1 0;
v0x557145570060_0 .net "B", 3 0, L_0x557145571090;  1 drivers
S_0x557145524210 .scope module, "DUT" "bcd_to_decimal_decoder" 2 20, 3 16 0, S_0x557145524090;
 .timescale -9 -10;
    .port_info 0 /INPUT 2 "Input"
    .port_info 1 /OUTPUT 4 "Output"
L_0x557145570130/d .functor NOT 1, L_0x557145570250, C4<0>, C4<0>, C4<0>;
L_0x557145570130 .delay 1 (0,0,0) L_0x557145570130/d;
L_0x557145570390/d .functor NOT 1, L_0x5571455704c0, C4<0>, C4<0>, C4<0>;
L_0x557145570390 .delay 1 (0,0,0) L_0x557145570390/d;
L_0x5571455705b0/d .functor AND 1, L_0x557145570720, L_0x557145570810, C4<1>, C4<1>;
L_0x5571455705b0 .delay 1 (0,0,0) L_0x5571455705b0/d;
L_0x557145570980/d .functor AND 1, L_0x557145570af0, L_0x557145570be0, C4<1>, C4<1>;
L_0x557145570980 .delay 1 (0,0,0) L_0x557145570980/d;
L_0x557145570d10/d .functor AND 1, L_0x557145570dd0, L_0x557145570ec0, C4<1>, C4<1>;
L_0x557145570d10 .delay 1 (0,0,0) L_0x557145570d10/d;
L_0x557145571220/d .functor AND 1, L_0x5571455713c0, L_0x557145571510, C4<1>, C4<1>;
L_0x557145571220 .delay 1 (0,0,0) L_0x557145571220/d;
v0x557145536ee0_0 .net "Input", 1 0, v0x55714556ffa0_0;  1 drivers
v0x557145536550_0 .net "Output", 3 0, L_0x557145571090;  alias, 1 drivers
v0x557145535a00_0 .net *"_s1", 0 0, L_0x557145570130;  1 drivers
v0x55714556efd0_0 .net *"_s11", 0 0, L_0x5571455705b0;  1 drivers
v0x55714556f0b0_0 .net *"_s14", 0 0, L_0x557145570720;  1 drivers
v0x55714556f190_0 .net *"_s16", 0 0, L_0x557145570810;  1 drivers
v0x55714556f270_0 .net *"_s18", 0 0, L_0x557145570980;  1 drivers
v0x55714556f350_0 .net *"_s21", 0 0, L_0x557145570af0;  1 drivers
v0x55714556f430_0 .net *"_s23", 0 0, L_0x557145570be0;  1 drivers
v0x55714556f5a0_0 .net *"_s25", 0 0, L_0x557145570d10;  1 drivers
v0x55714556f680_0 .net *"_s28", 0 0, L_0x557145570dd0;  1 drivers
v0x55714556f760_0 .net *"_s30", 0 0, L_0x557145570ec0;  1 drivers
v0x55714556f840_0 .net *"_s32", 0 0, L_0x557145571220;  1 drivers
v0x55714556f920_0 .net *"_s36", 0 0, L_0x5571455713c0;  1 drivers
v0x55714556fa00_0 .net *"_s38", 0 0, L_0x557145571510;  1 drivers
v0x55714556fae0_0 .net *"_s4", 0 0, L_0x557145570250;  1 drivers
o0x7f6b9fcc7318 .functor BUFZ 2, C4<zz>; HiZ drive
; Elide local net with no drivers, v0x55714556fbc0_0 name=_s41
v0x55714556fca0_0 .net *"_s6", 0 0, L_0x557145570390;  1 drivers
v0x55714556fd80_0 .net *"_s9", 0 0, L_0x5571455704c0;  1 drivers
v0x55714556fe60_0 .net "nots", 3 0, L_0x5571455715b0;  1 drivers
L_0x557145570250 .part v0x55714556ffa0_0, 0, 1;
L_0x5571455704c0 .part v0x55714556ffa0_0, 1, 1;
L_0x557145570720 .part L_0x5571455715b0, 0, 1;
L_0x557145570810 .part L_0x5571455715b0, 1, 1;
L_0x557145570af0 .part L_0x5571455715b0, 0, 1;
L_0x557145570be0 .part v0x55714556ffa0_0, 1, 1;
L_0x557145570dd0 .part v0x55714556ffa0_0, 0, 1;
L_0x557145570ec0 .part L_0x5571455715b0, 1, 1;
L_0x557145571090 .concat8 [ 1 1 1 1], L_0x5571455705b0, L_0x557145570980, L_0x557145570d10, L_0x557145571220;
L_0x5571455713c0 .part v0x55714556ffa0_0, 0, 1;
L_0x557145571510 .part v0x55714556ffa0_0, 1, 1;
L_0x5571455715b0 .concat [ 1 1 2 0], L_0x557145570130, L_0x557145570390, o0x7f6b9fcc7318;
    .scope S_0x557145524090;
T_0 ;
    %vpi_call 2 26 "$dumpfile", "test.vcd" {0 0 0};
    %vpi_call 2 27 "$dumpvars", 32'sb00000000000000000000000000000001, S_0x557145524090 {0 0 0};
    %vpi_call 2 28 "$monitor", "A=%2b,B=%4b", v0x55714556ffa0_0, v0x557145570060_0 {0 0 0};
    %delay 1000, 0;
    %pushi/vec4 3, 0, 2;
    %store/vec4 v0x55714556ffa0_0, 0, 2;
    %delay 1000, 0;
    %vpi_call 2 30 "$finish" {0 0 0};
    %end;
    .thread T_0;
# The file index is used to find the file name in the following table.
:file_names 4;
    "N/A";
    "<interactive>";
    "bcd_to_decimal_tb.sv";
    "./bcd_to_decimal.sv";
